<?xml version="1.0" encoding="UTF-8"?>
<testsuite xmlns:xsi="http://www.w3.org/2001/XMLSchema-instance" xsi:noNamespaceSchemaLocation="https://maven.apache.org/surefire/maven-surefire-plugin/xsd/surefire-test-report-3.0.xsd" version="3.0" name="TestSuite" time="376.604" tests="2" errors="0" skipped="0" failures="0">
  <properties>
    <property name="java.specification.version" value="19"/>
    <property name="webdriver.chrome.driver" value="/Users/gauravdubey/.m2/repository/webdriver/chromedriver/mac64/114.0.5735.16/chromedriver"/>
    <property name="sun.jnu.encoding" value="UTF-8"/>
    <property name="java.class.path" value="/Users/gauravdubey/Downloads/test-automation-framework/target/test-classes:/Users/gauravdubey/Downloads/test-automation-framework/target/classes:/Users/gauravdubey/.m2/repository/org/json/json/20190722/json-20190722.jar:/Users/gauravdubey/.m2/repository/javax/mail/mail/1.4/mail-1.4.jar:/Users/gauravdubey/.m2/repository/javax/activation/activation/1.1/activation-1.1.jar:/Users/gauravdubey/.m2/repository/com/eclipsesource/minimal-json/minimal-json/0.9.5/minimal-json-0.9.5.jar:/Users/gauravdubey/.m2/repository/org/bouncycastle/bcprov-jdk15on/1.60/bcprov-jdk15on-1.60.jar:/Users/gauravdubey/.m2/repository/org/bouncycastle/bcpkix-jdk15on/1.60/bcpkix-jdk15on-1.60.jar:/Users/gauravdubey/.m2/repository/junit/junit/4.12/junit-4.12.jar:/Users/gauravdubey/.m2/repository/org/hamcrest/hamcrest-core/1.3/hamcrest-core-1.3.jar:/Users/gauravdubey/.m2/repository/org/apache/logging/log4j/log4j-api/2.9.0/log4j-api-2.9.0.jar:/Users/gauravdubey/.m2/repository/org/apache/logging/log4j/log4j-core/2.9.0/log4j-core-2.9.0.jar:/Users/gauravdubey/.m2/repository/org/seleniumhq/selenium/selenium-java/3.12.0/selenium-java-3.12.0.jar:/Users/gauravdubey/.m2/repository/org/seleniumhq/selenium/selenium-chrome-driver/3.12.0/selenium-chrome-driver-3.12.0.jar:/Users/gauravdubey/.m2/repository/org/seleniumhq/selenium/selenium-edge-driver/3.12.0/selenium-edge-driver-3.12.0.jar:/Users/gauravdubey/.m2/repository/org/seleniumhq/selenium/selenium-firefox-driver/3.12.0/selenium-firefox-driver-3.12.0.jar:/Users/gauravdubey/.m2/repository/org/seleniumhq/selenium/selenium-ie-driver/3.12.0/selenium-ie-driver-3.12.0.jar:/Users/gauravdubey/.m2/repository/org/seleniumhq/selenium/selenium-opera-driver/3.12.0/selenium-opera-driver-3.12.0.jar:/Users/gauravdubey/.m2/repository/org/seleniumhq/selenium/selenium-remote-driver/3.12.0/selenium-remote-driver-3.12.0.jar:/Users/gauravdubey/.m2/repository/org/seleniumhq/selenium/selenium-safari-driver/3.12.0/selenium-safari-driver-3.12.0.jar:/Users/gauravdubey/.m2/repository/net/bytebuddy/byte-buddy/1.8.3/byte-buddy-1.8.3.jar:/Users/gauravdubey/.m2/repository/org/apache/commons/commons-exec/1.3/commons-exec-1.3.jar:/Users/gauravdubey/.m2/repository/commons-codec/commons-codec/1.10/commons-codec-1.10.jar:/Users/gauravdubey/.m2/repository/commons-logging/commons-logging/1.2/commons-logging-1.2.jar:/Users/gauravdubey/.m2/repository/org/apache/httpcomponents/httpcore/4.4.6/httpcore-4.4.6.jar:/Users/gauravdubey/.m2/repository/com/squareup/okhttp3/okhttp/3.9.1/okhttp-3.9.1.jar:/Users/gauravdubey/.m2/repository/com/squareup/okio/okio/1.13.0/okio-1.13.0.jar:/Users/gauravdubey/.m2/repository/org/testng/testng/6.14.3/testng-6.14.3.jar:/Users/gauravdubey/.m2/repository/com/beust/jcommander/1.72/jcommander-1.72.jar:/Users/gauravdubey/.m2/repository/org/apache-extras/beanshell/bsh/2.0b6/bsh-2.0b6.jar:/Users/gauravdubey/.m2/repository/com/google/guava/guava/23.0/guava-23.0.jar:/Users/gauravdubey/.m2/repository/com/google/code/findbugs/jsr305/1.3.9/jsr305-1.3.9.jar:/Users/gauravdubey/.m2/repository/com/google/errorprone/error_prone_annotations/2.0.18/error_prone_annotations-2.0.18.jar:/Users/gauravdubey/.m2/repository/com/google/j2objc/j2objc-annotations/1.1/j2objc-annotations-1.1.jar:/Users/gauravdubey/.m2/repository/org/codehaus/mojo/animal-sniffer-annotations/1.14/animal-sniffer-annotations-1.14.jar:/Users/gauravdubey/.m2/repository/org/seleniumhq/selenium/selenium-server/3.4.0/selenium-server-3.4.0.jar:/Users/gauravdubey/.m2/repository/cglib/cglib-nodep/3.2.4/cglib-nodep-3.2.4.jar:/Users/gauravdubey/.m2/repository/org/w3c/css/sac/1.3/sac-1.3.jar:/Users/gauravdubey/.m2/repository/net/sourceforge/cssparser/cssparser/0.9.22/cssparser-0.9.22.jar:/Users/gauravdubey/.m2/repository/net/sourceforge/htmlunit/htmlunit/2.26/htmlunit-2.26.jar:/Users/gauravdubey/.m2/repository/net/sourceforge/htmlunit/htmlunit-core-js/2.26/htmlunit-core-js-2.26.jar:/Users/gauravdubey/.m2/repository/net/sourceforge/htmlunit/neko-htmlunit/2.25/neko-htmlunit-2.25.jar:/Users/gauravdubey/.m2/repository/org/apache/httpcomponents/httpmime/4.5.3/httpmime-4.5.3.jar:/Users/gauravdubey/.m2/repository/net/jcip/jcip-annotations/1.0/jcip-annotations-1.0.jar:/Users/gauravdubey/.m2/repository/org/seleniumhq/selenium/jetty-repacked/9.4.1.v20170120/jetty-repacked-9.4.1.v20170120.jar:/Users/gauravdubey/.m2/repository/org/eclipse/jetty/jetty-io/9.4.1.v20170120/jetty-io-9.4.1.v20170120.jar:/Users/gauravdubey/.m2/repository/org/eclipse/jetty/jetty-util/9.4.1.v20170120/jetty-util-9.4.1.v20170120.jar:/Users/gauravdubey/.m2/repository/net/java/dev/jna/jna/4.1.0/jna-4.1.0.jar:/Users/gauravdubey/.m2/repository/net/java/dev/jna/jna-platform/4.1.0/jna-platform-4.1.0.jar:/Users/gauravdubey/.m2/repository/com/codeborne/phantomjsdriver/1.4.0/phantomjsdriver-1.4.0.jar:/Users/gauravdubey/.m2/repository/org/seleniumhq/selenium/htmlunit-driver/2.26/htmlunit-driver-2.26.jar:/Users/gauravdubey/.m2/repository/javax/servlet/javax.servlet-api/3.1.0/javax.servlet-api-3.1.0.jar:/Users/gauravdubey/.m2/repository/org/eclipse/jetty/websocket/websocket-api/9.4.3.v20170317/websocket-api-9.4.3.v20170317.jar:/Users/gauravdubey/.m2/repository/org/eclipse/jetty/websocket/websocket-client/9.4.3.v20170317/websocket-client-9.4.3.v20170317.jar:/Users/gauravdubey/.m2/repository/org/eclipse/jetty/jetty-client/9.4.3.v20170317/jetty-client-9.4.3.v20170317.jar:/Users/gauravdubey/.m2/repository/org/eclipse/jetty/jetty-http/9.4.3.v20170317/jetty-http-9.4.3.v20170317.jar:/Users/gauravdubey/.m2/repository/org/eclipse/jetty/websocket/websocket-common/9.4.3.v20170317/websocket-common-9.4.3.v20170317.jar:/Users/gauravdubey/.m2/repository/xalan/serializer/2.7.2/serializer-2.7.2.jar:/Users/gauravdubey/.m2/repository/xalan/xalan/2.7.2/xalan-2.7.2.jar:/Users/gauravdubey/.m2/repository/xerces/xercesImpl/2.11.0/xercesImpl-2.11.0.jar:/Users/gauravdubey/.m2/repository/xml-apis/xml-apis/1.4.01/xml-apis-1.4.01.jar:/Users/gauravdubey/.m2/repository/org/yaml/snakeyaml/1.15/snakeyaml-1.15.jar:/Users/gauravdubey/.m2/repository/com/relevantcodes/extentreports/2.41.2/extentreports-2.41.2.jar:/Users/gauravdubey/.m2/repository/org/xerial/sqlite-jdbc/3.8.11.1/sqlite-jdbc-3.8.11.1.jar:/Users/gauravdubey/.m2/repository/org/freemarker/freemarker/2.3.23/freemarker-2.3.23.jar:/Users/gauravdubey/.m2/repository/org/mongodb/mongodb-driver/3.0.4/mongodb-driver-3.0.4.jar:/Users/gauravdubey/.m2/repository/org/mongodb/bson/3.0.4/bson-3.0.4.jar:/Users/gauravdubey/.m2/repository/org/mongodb/mongodb-driver-core/3.0.4/mongodb-driver-core-3.0.4.jar:/Users/gauravdubey/.m2/repository/org/jsoup/jsoup/1.10.3/jsoup-1.10.3.jar:/Users/gauravdubey/.m2/repository/com/google/code/gson/gson/2.8.5/gson-2.8.5.jar:/Users/gauravdubey/.m2/repository/info/cukes/cucumber-java/1.2.5/cucumber-java-1.2.5.jar:/Users/gauravdubey/.m2/repository/info/cukes/cucumber-core/1.2.5/cucumber-core-1.2.5.jar:/Users/gauravdubey/.m2/repository/info/cukes/cucumber-html/0.2.3/cucumber-html-0.2.3.jar:/Users/gauravdubey/.m2/repository/info/cukes/gherkin/2.12.2/gherkin-2.12.2.jar:/Users/gauravdubey/.m2/repository/info/cukes/cucumber-jvm-deps/1.0.5/cucumber-jvm-deps-1.0.5.jar:/Users/gauravdubey/.m2/repository/commons-io/commons-io/2.6/commons-io-2.6.jar:/Users/gauravdubey/.m2/repository/commons-validator/commons-validator/1.6/commons-validator-1.6.jar:/Users/gauravdubey/.m2/repository/commons-beanutils/commons-beanutils/1.9.2/commons-beanutils-1.9.2.jar:/Users/gauravdubey/.m2/repository/commons-digester/commons-digester/1.8.1/commons-digester-1.8.1.jar:/Users/gauravdubey/.m2/repository/commons-collections/commons-collections/3.2.2/commons-collections-3.2.2.jar:/Users/gauravdubey/.m2/repository/org/apache/commons/commons-lang3/3.7/commons-lang3-3.7.jar:/Users/gauravdubey/.m2/repository/org/apache/httpcomponents/httpclient/4.5.5/httpclient-4.5.5.jar:/Users/gauravdubey/.m2/repository/org/aspectj/aspectjweaver/1.9.1/aspectjweaver-1.9.1.jar:/Users/gauravdubey/.m2/repository/org/openpnp/opencv/3.2.0-1/opencv-3.2.0-1.jar:/Users/gauravdubey/.m2/repository/org/seleniumhq/selenium/selenium-support/3.12.0/selenium-support-3.12.0.jar:/Users/gauravdubey/.m2/repository/org/seleniumhq/selenium/selenium-api/3.12.0/selenium-api-3.12.0.jar:/Users/gauravdubey/.m2/repository/com/google/inject/guice/4.2.1/guice-4.2.1.jar:/Users/gauravdubey/.m2/repository/javax/inject/javax.inject/1/javax.inject-1.jar:/Users/gauravdubey/.m2/repository/aopalliance/aopalliance/1.0/aopalliance-1.0.jar:/Users/gauravdubey/.m2/repository/com/github/javafaker/javafaker/0.16/javafaker-0.16.jar:/Users/gauravdubey/.m2/repository/org/yaml/snakeyaml/1.20/snakeyaml-1.20-android.jar:/Users/gauravdubey/.m2/repository/com/github/mifmif/generex/1.0.2/generex-1.0.2.jar:/Users/gauravdubey/.m2/repository/dk/brics/automaton/automaton/1.11-8/automaton-1.11-8.jar:/Users/gauravdubey/.m2/repository/com/opencsv/opencsv/4.1/opencsv-4.1.jar:/Users/gauravdubey/.m2/repository/org/apache/commons/commons-text/1.1/commons-text-1.1.jar:/Users/gauravdubey/.m2/repository/io/github/bonigarcia/webdrivermanager/4.0.0/webdrivermanager-4.0.0.jar:/Users/gauravdubey/.m2/repository/org/slf4j/slf4j-api/1.7.30/slf4j-api-1.7.30.jar:/Users/gauravdubey/.m2/repository/org/apache/httpcomponents/client5/httpclient5/5.0/httpclient5-5.0.jar:/Users/gauravdubey/.m2/repository/org/apache/httpcomponents/core5/httpcore5/5.0/httpcore5-5.0.jar:/Users/gauravdubey/.m2/repository/org/apache/httpcomponents/core5/httpcore5-h2/5.0/httpcore5-h2-5.0.jar:/Users/gauravdubey/.m2/repository/org/rauschig/jarchivelib/1.0.0/jarchivelib-1.0.0.jar:/Users/gauravdubey/.m2/repository/org/apache/commons/commons-compress/1.18/commons-compress-1.18.jar:/Users/gauravdubey/.m2/repository/com/aventstack/extentreports/3.0.0/extentreports-3.0.0.jar:"/>
    <property name="java.vm.vendor" value="Oracle Corporation"/>
    <property name="sun.arch.data.model" value="64"/>
    <property name="java.vendor.url" value="https://java.oracle.com/"/>
    <property name="user.timezone" value="Asia/Kolkata"/>
    <property name="os.name" value="Mac OS X"/>
    <property name="java.vm.specification.version" value="19"/>
    <property name="webdriver.chrome.silentOutput" value="true"/>
    <property name="sun.java.launcher" value="SUN_STANDARD"/>
    <property name="user.country" value="IN"/>
    <property name="sun.boot.library.path" value="/Library/Java/JavaVirtualMachines/jdk-19.jdk/Contents/Home/lib"/>
    <property name="sun.java.command" value="/Users/gauravdubey/Downloads/test-automation-framework/target/surefire/surefirebooter-20230614134207745_3.jar /Users/gauravdubey/Downloads/test-automation-framework/target/surefire 2023-06-14T13-42-07_662-jvmRun1 surefire-20230614134207745_1tmp surefire_0-20230614134207745_2tmp"/>
    <property name="http.nonProxyHosts" value="local|*.local|169.254/16|*.169.254/16"/>
    <property name="jdk.debug" value="release"/>
    <property name="surefire.test.class.path" value="/Users/gauravdubey/Downloads/test-automation-framework/target/test-classes:/Users/gauravdubey/Downloads/test-automation-framework/target/classes:/Users/gauravdubey/.m2/repository/org/json/json/20190722/json-20190722.jar:/Users/gauravdubey/.m2/repository/javax/mail/mail/1.4/mail-1.4.jar:/Users/gauravdubey/.m2/repository/javax/activation/activation/1.1/activation-1.1.jar:/Users/gauravdubey/.m2/repository/com/eclipsesource/minimal-json/minimal-json/0.9.5/minimal-json-0.9.5.jar:/Users/gauravdubey/.m2/repository/org/bouncycastle/bcprov-jdk15on/1.60/bcprov-jdk15on-1.60.jar:/Users/gauravdubey/.m2/repository/org/bouncycastle/bcpkix-jdk15on/1.60/bcpkix-jdk15on-1.60.jar:/Users/gauravdubey/.m2/repository/junit/junit/4.12/junit-4.12.jar:/Users/gauravdubey/.m2/repository/org/hamcrest/hamcrest-core/1.3/hamcrest-core-1.3.jar:/Users/gauravdubey/.m2/repository/org/apache/logging/log4j/log4j-api/2.9.0/log4j-api-2.9.0.jar:/Users/gauravdubey/.m2/repository/org/apache/logging/log4j/log4j-core/2.9.0/log4j-core-2.9.0.jar:/Users/gauravdubey/.m2/repository/org/seleniumhq/selenium/selenium-java/3.12.0/selenium-java-3.12.0.jar:/Users/gauravdubey/.m2/repository/org/seleniumhq/selenium/selenium-chrome-driver/3.12.0/selenium-chrome-driver-3.12.0.jar:/Users/gauravdubey/.m2/repository/org/seleniumhq/selenium/selenium-edge-driver/3.12.0/selenium-edge-driver-3.12.0.jar:/Users/gauravdubey/.m2/repository/org/seleniumhq/selenium/selenium-firefox-driver/3.12.0/selenium-firefox-driver-3.12.0.jar:/Users/gauravdubey/.m2/repository/org/seleniumhq/selenium/selenium-ie-driver/3.12.0/selenium-ie-driver-3.12.0.jar:/Users/gauravdubey/.m2/repository/org/seleniumhq/selenium/selenium-opera-driver/3.12.0/selenium-opera-driver-3.12.0.jar:/Users/gauravdubey/.m2/repository/org/seleniumhq/selenium/selenium-remote-driver/3.12.0/selenium-remote-driver-3.12.0.jar:/Users/gauravdubey/.m2/repository/org/seleniumhq/selenium/selenium-safari-driver/3.12.0/selenium-safari-driver-3.12.0.jar:/Users/gauravdubey/.m2/repository/net/bytebuddy/byte-buddy/1.8.3/byte-buddy-1.8.3.jar:/Users/gauravdubey/.m2/repository/org/apache/commons/commons-exec/1.3/commons-exec-1.3.jar:/Users/gauravdubey/.m2/repository/commons-codec/commons-codec/1.10/commons-codec-1.10.jar:/Users/gauravdubey/.m2/repository/commons-logging/commons-logging/1.2/commons-logging-1.2.jar:/Users/gauravdubey/.m2/repository/org/apache/httpcomponents/httpcore/4.4.6/httpcore-4.4.6.jar:/Users/gauravdubey/.m2/repository/com/squareup/okhttp3/okhttp/3.9.1/okhttp-3.9.1.jar:/Users/gauravdubey/.m2/repository/com/squareup/okio/okio/1.13.0/okio-1.13.0.jar:/Users/gauravdubey/.m2/repository/org/testng/testng/6.14.3/testng-6.14.3.jar:/Users/gauravdubey/.m2/repository/com/beust/jcommander/1.72/jcommander-1.72.jar:/Users/gauravdubey/.m2/repository/org/apache-extras/beanshell/bsh/2.0b6/bsh-2.0b6.jar:/Users/gauravdubey/.m2/repository/com/google/guava/guava/23.0/guava-23.0.jar:/Users/gauravdubey/.m2/repository/com/google/code/findbugs/jsr305/1.3.9/jsr305-1.3.9.jar:/Users/gauravdubey/.m2/repository/com/google/errorprone/error_prone_annotations/2.0.18/error_prone_annotations-2.0.18.jar:/Users/gauravdubey/.m2/repository/com/google/j2objc/j2objc-annotations/1.1/j2objc-annotations-1.1.jar:/Users/gauravdubey/.m2/repository/org/codehaus/mojo/animal-sniffer-annotations/1.14/animal-sniffer-annotations-1.14.jar:/Users/gauravdubey/.m2/repository/org/seleniumhq/selenium/selenium-server/3.4.0/selenium-server-3.4.0.jar:/Users/gauravdubey/.m2/repository/cglib/cglib-nodep/3.2.4/cglib-nodep-3.2.4.jar:/Users/gauravdubey/.m2/repository/org/w3c/css/sac/1.3/sac-1.3.jar:/Users/gauravdubey/.m2/repository/net/sourceforge/cssparser/cssparser/0.9.22/cssparser-0.9.22.jar:/Users/gauravdubey/.m2/repository/net/sourceforge/htmlunit/htmlunit/2.26/htmlunit-2.26.jar:/Users/gauravdubey/.m2/repository/net/sourceforge/htmlunit/htmlunit-core-js/2.26/htmlunit-core-js-2.26.jar:/Users/gauravdubey/.m2/repository/net/sourceforge/htmlunit/neko-htmlunit/2.25/neko-htmlunit-2.25.jar:/Users/gauravdubey/.m2/repository/org/apache/httpcomponents/httpmime/4.5.3/httpmime-4.5.3.jar:/Users/gauravdubey/.m2/repository/net/jcip/jcip-annotations/1.0/jcip-annotations-1.0.jar:/Users/gauravdubey/.m2/repository/org/seleniumhq/selenium/jetty-repacked/9.4.1.v20170120/jetty-repacked-9.4.1.v20170120.jar:/Users/gauravdubey/.m2/repository/org/eclipse/jetty/jetty-io/9.4.1.v20170120/jetty-io-9.4.1.v20170120.jar:/Users/gauravdubey/.m2/repository/org/eclipse/jetty/jetty-util/9.4.1.v20170120/jetty-util-9.4.1.v20170120.jar:/Users/gauravdubey/.m2/repository/net/java/dev/jna/jna/4.1.0/jna-4.1.0.jar:/Users/gauravdubey/.m2/repository/net/java/dev/jna/jna-platform/4.1.0/jna-platform-4.1.0.jar:/Users/gauravdubey/.m2/repository/com/codeborne/phantomjsdriver/1.4.0/phantomjsdriver-1.4.0.jar:/Users/gauravdubey/.m2/repository/org/seleniumhq/selenium/htmlunit-driver/2.26/htmlunit-driver-2.26.jar:/Users/gauravdubey/.m2/repository/javax/servlet/javax.servlet-api/3.1.0/javax.servlet-api-3.1.0.jar:/Users/gauravdubey/.m2/repository/org/eclipse/jetty/websocket/websocket-api/9.4.3.v20170317/websocket-api-9.4.3.v20170317.jar:/Users/gauravdubey/.m2/repository/org/eclipse/jetty/websocket/websocket-client/9.4.3.v20170317/websocket-client-9.4.3.v20170317.jar:/Users/gauravdubey/.m2/repository/org/eclipse/jetty/jetty-client/9.4.3.v20170317/jetty-client-9.4.3.v20170317.jar:/Users/gauravdubey/.m2/repository/org/eclipse/jetty/jetty-http/9.4.3.v20170317/jetty-http-9.4.3.v20170317.jar:/Users/gauravdubey/.m2/repository/org/eclipse/jetty/websocket/websocket-common/9.4.3.v20170317/websocket-common-9.4.3.v20170317.jar:/Users/gauravdubey/.m2/repository/xalan/serializer/2.7.2/serializer-2.7.2.jar:/Users/gauravdubey/.m2/repository/xalan/xalan/2.7.2/xalan-2.7.2.jar:/Users/gauravdubey/.m2/repository/xerces/xercesImpl/2.11.0/xercesImpl-2.11.0.jar:/Users/gauravdubey/.m2/repository/xml-apis/xml-apis/1.4.01/xml-apis-1.4.01.jar:/Users/gauravdubey/.m2/repository/org/yaml/snakeyaml/1.15/snakeyaml-1.15.jar:/Users/gauravdubey/.m2/repository/com/relevantcodes/extentreports/2.41.2/extentreports-2.41.2.jar:/Users/gauravdubey/.m2/repository/org/xerial/sqlite-jdbc/3.8.11.1/sqlite-jdbc-3.8.11.1.jar:/Users/gauravdubey/.m2/repository/org/freemarker/freemarker/2.3.23/freemarker-2.3.23.jar:/Users/gauravdubey/.m2/repository/org/mongodb/mongodb-driver/3.0.4/mongodb-driver-3.0.4.jar:/Users/gauravdubey/.m2/repository/org/mongodb/bson/3.0.4/bson-3.0.4.jar:/Users/gauravdubey/.m2/repository/org/mongodb/mongodb-driver-core/3.0.4/mongodb-driver-core-3.0.4.jar:/Users/gauravdubey/.m2/repository/org/jsoup/jsoup/1.10.3/jsoup-1.10.3.jar:/Users/gauravdubey/.m2/repository/com/google/code/gson/gson/2.8.5/gson-2.8.5.jar:/Users/gauravdubey/.m2/repository/info/cukes/cucumber-java/1.2.5/cucumber-java-1.2.5.jar:/Users/gauravdubey/.m2/repository/info/cukes/cucumber-core/1.2.5/cucumber-core-1.2.5.jar:/Users/gauravdubey/.m2/repository/info/cukes/cucumber-html/0.2.3/cucumber-html-0.2.3.jar:/Users/gauravdubey/.m2/repository/info/cukes/gherkin/2.12.2/gherkin-2.12.2.jar:/Users/gauravdubey/.m2/repository/info/cukes/cucumber-jvm-deps/1.0.5/cucumber-jvm-deps-1.0.5.jar:/Users/gauravdubey/.m2/repository/commons-io/commons-io/2.6/commons-io-2.6.jar:/Users/gauravdubey/.m2/repository/commons-validator/commons-validator/1.6/commons-validator-1.6.jar:/Users/gauravdubey/.m2/repository/commons-beanutils/commons-beanutils/1.9.2/commons-beanutils-1.9.2.jar:/Users/gauravdubey/.m2/repository/commons-digester/commons-digester/1.8.1/commons-digester-1.8.1.jar:/Users/gauravdubey/.m2/repository/commons-collections/commons-collections/3.2.2/commons-collections-3.2.2.jar:/Users/gauravdubey/.m2/repository/org/apache/commons/commons-lang3/3.7/commons-lang3-3.7.jar:/Users/gauravdubey/.m2/repository/org/apache/httpcomponents/httpclient/4.5.5/httpclient-4.5.5.jar:/Users/gauravdubey/.m2/repository/org/aspectj/aspectjweaver/1.9.1/aspectjweaver-1.9.1.jar:/Users/gauravdubey/.m2/repository/org/openpnp/opencv/3.2.0-1/opencv-3.2.0-1.jar:/Users/gauravdubey/.m2/repository/org/seleniumhq/selenium/selenium-support/3.12.0/selenium-support-3.12.0.jar:/Users/gauravdubey/.m2/repository/org/seleniumhq/selenium/selenium-api/3.12.0/selenium-api-3.12.0.jar:/Users/gauravdubey/.m2/repository/com/google/inject/guice/4.2.1/guice-4.2.1.jar:/Users/gauravdubey/.m2/repository/javax/inject/javax.inject/1/javax.inject-1.jar:/Users/gauravdubey/.m2/repository/aopalliance/aopalliance/1.0/aopalliance-1.0.jar:/Users/gauravdubey/.m2/repository/com/github/javafaker/javafaker/0.16/javafaker-0.16.jar:/Users/gauravdubey/.m2/repository/org/yaml/snakeyaml/1.20/snakeyaml-1.20-android.jar:/Users/gauravdubey/.m2/repository/com/github/mifmif/generex/1.0.2/generex-1.0.2.jar:/Users/gauravdubey/.m2/repository/dk/brics/automaton/automaton/1.11-8/automaton-1.11-8.jar:/Users/gauravdubey/.m2/repository/com/opencsv/opencsv/4.1/opencsv-4.1.jar:/Users/gauravdubey/.m2/repository/org/apache/commons/commons-text/1.1/commons-text-1.1.jar:/Users/gauravdubey/.m2/repository/io/github/bonigarcia/webdrivermanager/4.0.0/webdrivermanager-4.0.0.jar:/Users/gauravdubey/.m2/repository/org/slf4j/slf4j-api/1.7.30/slf4j-api-1.7.30.jar:/Users/gauravdubey/.m2/repository/org/apache/httpcomponents/client5/httpclient5/5.0/httpclient5-5.0.jar:/Users/gauravdubey/.m2/repository/org/apache/httpcomponents/core5/httpcore5/5.0/httpcore5-5.0.jar:/Users/gauravdubey/.m2/repository/org/apache/httpcomponents/core5/httpcore5-h2/5.0/httpcore5-h2-5.0.jar:/Users/gauravdubey/.m2/repository/org/rauschig/jarchivelib/1.0.0/jarchivelib-1.0.0.jar:/Users/gauravdubey/.m2/repository/org/apache/commons/commons-compress/1.18/commons-compress-1.18.jar:/Users/gauravdubey/.m2/repository/com/aventstack/extentreports/3.0.0/extentreports-3.0.0.jar:"/>
    <property name="sun.cpu.endian" value="little"/>
    <property name="user.home" value="/Users/gauravdubey"/>
    <property name="user.language" value="en"/>
    <property name="java.specification.vendor" value="Oracle Corporation"/>
    <property name="java.version.date" value="2022-10-18"/>
    <property name="java.home" value="/Library/Java/JavaVirtualMachines/jdk-19.jdk/Contents/Home"/>
    <property name="file.separator" value="/"/>
    <property name="basedir" value="/Users/gauravdubey/Downloads/test-automation-framework"/>
    <property name="java.vm.compressedOopsMode" value="Zero based"/>
    <property name="line.separator" value="&#10;"/>
    <property name="java.vm.specification.vendor" value="Oracle Corporation"/>
    <property name="java.specification.name" value="Java Platform API Specification"/>
    <property name="apple.awt.application.name" value="ForkedBooter"/>
    <property name="surefire.real.class.path" value="/Users/gauravdubey/Downloads/test-automation-framework/target/surefire/surefirebooter-20230614134207745_3.jar"/>
    <property name="sun.management.compiler" value="HotSpot 64-Bit Tiered Compilers"/>
    <property name="ftp.nonProxyHosts" value="local|*.local|169.254/16|*.169.254/16"/>
    <property name="java.runtime.version" value="19.0.1+10-21"/>
    <property name="user.name" value="gauravdubey"/>
    <property name="stdout.encoding" value="UTF-8"/>
    <property name="path.separator" value=":"/>
    <property name="os.version" value="13.4"/>
    <property name="java.runtime.name" value="Java(TM) SE Runtime Environment"/>
    <property name="file.encoding" value="UTF-8"/>
    <property name="java.vm.name" value="Java HotSpot(TM) 64-Bit Server VM"/>
    <property name="localRepository" value="/Users/gauravdubey/.m2/repository"/>
    <property name="java.vendor.url.bug" value="https://bugreport.java.com/bugreport/"/>
    <property name="java.io.tmpdir" value="/var/folders/8d/600b7xt15rv4f9d863bn9kgm0000gp/T/"/>
    <property name="java.version" value="19.0.1"/>
    <property name="user.dir" value="/Users/gauravdubey/Downloads/test-automation-framework"/>
    <property name="os.arch" value="aarch64"/>
    <property name="java.vm.specification.name" value="Java Virtual Machine Specification"/>
    <property name="native.encoding" value="UTF-8"/>
    <property name="java.library.path" value="/Users/gauravdubey/Library/Java/Extensions:/Library/Java/Extensions:/Network/Library/Java/Extensions:/System/Library/Java/Extensions:/usr/lib/java:."/>
    <property name="java.vm.info" value="mixed mode, sharing"/>
    <property name="stderr.encoding" value="UTF-8"/>
    <property name="java.vendor" value="Oracle Corporation"/>
    <property name="java.vm.version" value="19.0.1+10-21"/>
    <property name="sun.io.unicode.encoding" value="UnicodeBig"/>
    <property name="socksNonProxyHosts" value="local|*.local|169.254/16|*.169.254/16"/>
    <property name="java.class.version" value="63.0"/>
  </properties>
  <testcase name="verifyAddNewLane" classname="com.PlanIT.WitsLab.tests.TicketLandingPageTestScripts" time="192.932">
    <system-out><![CDATA[...
... TestNG 6.14.3 by Cédric Beust (cedric@beust.com)
...

Project Header visible
https://projectmanagement-uat.thewitslab.com/
ABC
]]></system-out>
    <system-err><![CDATA[ERROR StatusLogger No log4j2 configuration file found. Using default configuration: logging only errors to the console. Set system property 'log4j2.debug' to show Log4j2 internal initialization logging.
SLF4J: Failed to load class "org.slf4j.impl.StaticLoggerBinder".
SLF4J: Defaulting to no-operation (NOP) logger implementation
SLF4J: See http://www.slf4j.org/codes.html#StaticLoggerBinder for further details.
ChromeDriver was started successfully.
Jun 14, 2023 1:42:22 PM org.openqa.selenium.remote.ProtocolHandshake createSession
INFO: Detected dialect: W3C
]]></system-err>
  </testcase>
  <testcase name="verifyTicketDeletionFromTicket" classname="com.PlanIT.WitsLab.tests.TicketLandingPageTestScripts" time="91.07">
    <system-out><![CDATA[Project Header visible
https://projectmanagement-uat.thewitslab.com/
(0 Issue)
]]></system-out>
  </testcase>
</testsuite>