<?xml version="1.0" encoding="UTF-8"?>
<!-- Generated by org.testng.reporters.JUnitReportReporter -->
<testsuite hostname="Abhay" failures="0" tests="1" name="com.PlanIT.WitsLab.tests.ProjectAndBoardDashBoardTestScript" time="144.301" errors="0" timestamp="05 Dec 2023 12:02:36 GMT" skipped="0">
  <testcase classname="com.PlanIT.WitsLab.tests.ProjectAndBoardDashBoardTestScript" name="verifyNotificationandMarkAllasRead" time="144.301"/>
</testsuite> <!-- com.PlanIT.WitsLab.tests.ProjectAndBoardDashBoardTestScript -->
