<?xml version="1.0" encoding="UTF-8"?>
<!-- Generated by org.testng.reporters.JUnitReportReporter -->
<testsuite hostname="WILASSETA0119" failures="0" tests="1" name="com.PlanIT.WitsLab.tests.ProjectAndBoardDashBoardTestScript" time="119.377" errors="0" timestamp="26 Sep 2023 10:04:09 GMT" skipped="0">
  <testcase classname="com.PlanIT.WitsLab.tests.ProjectAndBoardDashBoardTestScript" name="verifyAddMemberFromProjectSetting" time="119.377"/>
</testsuite> <!-- com.PlanIT.WitsLab.tests.ProjectAndBoardDashBoardTestScript -->
