<?xml version="1.0" encoding="UTF-8"?>
<!-- Generated by org.testng.reporters.JUnitReportReporter -->
<testsuite hostname="WILASSETA0041.local" failures="0" tests="6" name="com.PlanIT.WitsLab.tests.TicketLandingPageTestScripts" time="1303.577" errors="0" timestamp="29 Jun 2023 08:26:02 GMT" skipped="0">
  <testcase classname="com.PlanIT.WitsLab.tests.TicketLandingPageTestScripts" name="verifyTicketDescriptionAndComment" time="195.280"/>
  <testcase classname="com.PlanIT.WitsLab.tests.TicketLandingPageTestScripts" name="verifyUpdateDetailsOfTickets" time="272.720"/>
  <testcase classname="com.PlanIT.WitsLab.tests.TicketLandingPageTestScripts" name="verifyAddNewLane" time="161.027"/>
  <testcase classname="com.PlanIT.WitsLab.tests.TicketLandingPageTestScripts" name="verifyChangeTicketStageFromDropdown" time="251.353"/>
  <testcase classname="com.PlanIT.WitsLab.tests.TicketLandingPageTestScripts" name="verifyTicketDeletionFromTicket" time="164.784"/>
  <testcase classname="com.PlanIT.WitsLab.tests.TicketLandingPageTestScripts" name="verifyLinkIssueFunctionalityFromTicket" time="258.413"/>
</testsuite> <!-- com.PlanIT.WitsLab.tests.TicketLandingPageTestScripts -->
