<?xml version="1.0" encoding="UTF-8"?>
<!-- Generated by org.testng.reporters.JUnitReportReporter -->
<testsuite hostname="WILASSETA0119" failures="0" tests="1" name="com.PlanIT.WitsLab.tests.BacklogTestScript" time="130.221" errors="0" timestamp="26 Sep 2023 13:27:51 GMT" skipped="0">
  <testcase classname="com.PlanIT.WitsLab.tests.BacklogTestScript" name="verifyCreateIssueFromBacklogFunctionality" time="130.221"/>
</testsuite> <!-- com.PlanIT.WitsLab.tests.BacklogTestScript -->
