<?xml version="1.0" encoding="UTF-8"?>
<!-- Generated by org.testng.reporters.JUnitReportReporter -->
<<<<<<< HEAD
<testsuite hostname="WILASSETA0041.local" failures="0" tests="3" name="com.PlanIT.WitsLab.tests.ProjectAndBoardDashBoardTestScript" time="295.741" errors="0" timestamp="13 Jun 2023 08:29:52 GMT" skipped="0">
  <testcase classname="com.PlanIT.WitsLab.tests.ProjectAndBoardDashBoardTestScript" name="verifyCreateTeamBoard" time="77.434"/>
  <testcase classname="com.PlanIT.WitsLab.tests.ProjectAndBoardDashBoardTestScript" name="verifyCreateNewProject" time="72.528"/>
  <testcase classname="com.PlanIT.WitsLab.tests.ProjectAndBoardDashBoardTestScript" name="verifyAddMemberFromProjectSetting" time="145.779"/>
=======
<testsuite hostname="WILASSETA0041.local" failures="0" tests="3" name="com.PlanIT.WitsLab.tests.ProjectAndBoardDashBoardTestScript" time="298.602" errors="0" timestamp="12 Jun 2023 07:19:40 GMT" skipped="0">
  <testcase classname="com.PlanIT.WitsLab.tests.ProjectAndBoardDashBoardTestScript" name="verifyCreateTeamBoard" time="78.427"/>
  <testcase classname="com.PlanIT.WitsLab.tests.ProjectAndBoardDashBoardTestScript" name="verifyCreateNewProject" time="72.232"/>
  <testcase classname="com.PlanIT.WitsLab.tests.ProjectAndBoardDashBoardTestScript" name="verifyAddMemberFromProjectSetting" time="147.943"/>
>>>>>>> main
</testsuite> <!-- com.PlanIT.WitsLab.tests.ProjectAndBoardDashBoardTestScript -->
