<?xml version="1.0" encoding="UTF-8"?>
<!-- Generated by org.testng.reporters.JUnitReportReporter -->
<testsuite hostname="WILASSETA0041.local" failures="0" tests="2" name="com.PlanIT.WitsLab.tests.TicketLandingPageTestScripts" time="332.896" errors="0" timestamp="13 Jun 2023 09:24:30 GMT" skipped="0">
  <testcase classname="com.PlanIT.WitsLab.tests.TicketLandingPageTestScripts" name="verifyAddNewLane" time="222.719"/>
  <testcase classname="com.PlanIT.WitsLab.tests.TicketLandingPageTestScripts" name="verifyTicketDeletionFromTicket" time="110.177"/>
</testsuite> <!-- com.PlanIT.WitsLab.tests.TicketLandingPageTestScripts -->
