<?xml version="1.0" encoding="UTF-8"?>
<!-- Generated by org.testng.reporters.JUnitReportReporter -->
<testsuite hostname="WILASSETA0041.local" failures="0" tests="2" name="com.PlanIT.WitsLab.tests.BacklogTestScript" time="304.927" errors="0" timestamp="29 Jun 2023 10:34:53 GMT" skipped="0">
  <testcase classname="com.PlanIT.WitsLab.tests.BacklogTestScript" name="moveTicketFromOneBoardToAnother" time="183.570"/>
  <testcase classname="com.PlanIT.WitsLab.tests.BacklogTestScript" name="verifyCloneIssueFunctionality" time="121.357"/>
</testsuite> <!-- com.PlanIT.WitsLab.tests.BacklogTestScript -->
