<?xml version="1.0" encoding="UTF-8"?>
<!-- Generated by org.testng.reporters.JUnitReportReporter -->
<testsuite hostname="Abhay" failures="0" tests="1" name="com.PlanIT.WitsLab.tests.TicketLandingPageTestScripts" time="144.160" errors="0" timestamp="08 Dec 2023 12:25:36 GMT" skipped="0">
  <testcase classname="com.PlanIT.WitsLab.tests.TicketLandingPageTestScripts" name="verifyDeleteBoardfromActivatedSprint" time="144.160"/>
</testsuite> <!-- com.PlanIT.WitsLab.tests.TicketLandingPageTestScripts -->
