<?xml version="1.0" encoding="UTF-8"?>
<!-- Generated by org.testng.reporters.JUnitReportReporter -->
<testsuite hostname="Abhay" failures="0" tests="1" name="com.PlanIT.WitsLab.tests.BacklogTestScript" time="271.715" errors="0" timestamp="22 Dec 2023 10:18:45 GMT" skipped="0">
  <testcase classname="com.PlanIT.WitsLab.tests.BacklogTestScript" name="verifyMoveAllIssueFromBacklogToSprint" time="271.715"/>
</testsuite> <!-- com.PlanIT.WitsLab.tests.BacklogTestScript -->
