<?xml version="1.0" encoding="UTF-8"?>
<!-- Generated by org.testng.reporters.JUnitReportReporter -->
<testsuite hostname="Abhay" failures="0" tests="1" name="com.PlanIT.WitsLab.tests.BacklogTestScript" time="213.109" errors="0" timestamp="07 Dec 2023 08:35:52 GMT" skipped="0">
  <testcase classname="com.PlanIT.WitsLab.tests.BacklogTestScript" name="verifyMoveAllIssueFromBacklogToSprint" time="213.109"/>
</testsuite> <!-- com.PlanIT.WitsLab.tests.BacklogTestScript -->
