<?xml version="1.0" encoding="UTF-8"?>
<!-- Generated by org.testng.reporters.JUnitReportReporter -->
<testsuite hostname="WILASSETA0041.local" failures="0" tests="1" name="com.PlanIT.WitsLab.tests.TicketLandingPageTestScripts" time="141.458" errors="0" timestamp="12 Jun 2023 11:10:25 GMT" skipped="0">
  <testcase classname="com.PlanIT.WitsLab.tests.TicketLandingPageTestScripts" name="verifyTicketDeletionFromTicket" time="141.458"/>
</testsuite> <!-- com.PlanIT.WitsLab.tests.TicketLandingPageTestScripts -->
