<?xml version="1.0" encoding="UTF-8"?>
<!-- Generated by org.testng.reporters.JUnitReportReporter -->
<testsuite hostname="WILASSETA0041.local" failures="0" tests="1" name="com.PlanIT.WitsLab.tests.ProjectAndBoardDashBoardTestScript" time="144.291" errors="0" timestamp="29 Jun 2023 08:26:02 GMT" skipped="0">
  <testcase classname="com.PlanIT.WitsLab.tests.ProjectAndBoardDashBoardTestScript" name="verifyAddMemberFromProjectSetting" time="144.291"/>
</testsuite> <!-- com.PlanIT.WitsLab.tests.ProjectAndBoardDashBoardTestScript -->
