<?xml version="1.0" encoding="UTF-8"?>
<!-- Generated by org.testng.reporters.JUnitReportReporter -->
<testsuite hostname="Abhay" failures="0" tests="1" name="com.PlanIT.WitsLab.tests.TicketLandingPageTestScripts" time="124.540" errors="0" timestamp="05 Dec 2023 12:45:51 GMT" skipped="0">
  <testcase classname="com.PlanIT.WitsLab.tests.TicketLandingPageTestScripts" name="verifySubTaskFromCreatedTicket" time="124.540"/>
</testsuite> <!-- com.PlanIT.WitsLab.tests.TicketLandingPageTestScripts -->
