<?xml version="1.0" encoding="UTF-8"?>
<!-- Generated by org.testng.reporters.JUnitReportReporter -->
<testsuite hostname="Abhay" failures="0" tests="9" name="com.PlanIT.WitsLab.tests.BacklogTestScript" time="1213.047" errors="0" timestamp="12 Dec 2023 08:20:00 GMT" skipped="0">
  <testcase classname="com.PlanIT.WitsLab.tests.BacklogTestScript" name="verifyCreateIssueFromBoard" time="163.611"/>
  <testcase classname="com.PlanIT.WitsLab.tests.BacklogTestScript" name="verifyCreateSprintFunctionality" time="63.304"/>
  <testcase classname="com.PlanIT.WitsLab.tests.BacklogTestScript" name="verifyMoveAllIssueFromBacklogToSprint" time="199.968"/>
  <testcase classname="com.PlanIT.WitsLab.tests.BacklogTestScript" name="verifyCloneIssueFunctionality" time="102.959"/>
  <testcase classname="com.PlanIT.WitsLab.tests.BacklogTestScript" name="moveTicketFromOneBoardToAnother" time="199.502"/>
  <testcase classname="com.PlanIT.WitsLab.tests.BacklogTestScript" name="verifyCreateIssueFromBacklogFunctionality" time="141.215"/>
  <testcase classname="com.PlanIT.WitsLab.tests.BacklogTestScript" name="verifySprintActivation" time="69.911"/>
  <testcase classname="com.PlanIT.WitsLab.tests.BacklogTestScript" name="verifyAddMemberFunctionalityFromBoard" time="139.161"/>
  <testcase classname="com.PlanIT.WitsLab.tests.BacklogTestScript" name="verifyExistingProjectMemberFunctionalityToBoard" time="133.416"/>
</testsuite> <!-- com.PlanIT.WitsLab.tests.BacklogTestScript -->
