<?xml version="1.0" encoding="UTF-8"?>
<!-- Generated by org.testng.reporters.JUnitReportReporter -->
<testsuite hostname="Abhay" failures="0" tests="1" name="com.PlanIT.WitsLab.tests.TicketLandingPageTestScripts" time="242.795" errors="0" timestamp="22 Dec 2023 10:57:54 GMT" skipped="0">
  <testcase classname="com.PlanIT.WitsLab.tests.TicketLandingPageTestScripts" name="verifySubTaskFromCreatedTicket" time="242.795"/>
</testsuite> <!-- com.PlanIT.WitsLab.tests.TicketLandingPageTestScripts -->
