<?xml version="1.0" encoding="UTF-8"?>
<!-- Generated by org.testng.reporters.JUnitReportReporter -->
<testsuite hostname="Abhay" failures="0" tests="1" name="com.PlanIT.WitsLab.tests.TicketLandingPageTestScripts" time="120.355" errors="0" timestamp="06 Dec 2023 07:22:39 GMT" skipped="0">
  <testcase classname="com.PlanIT.WitsLab.tests.TicketLandingPageTestScripts" name="verifySubTaskFromCreatedTicket" time="120.355"/>
</testsuite> <!-- com.PlanIT.WitsLab.tests.TicketLandingPageTestScripts -->
