<?xml version="1.0" encoding="UTF-8"?>
<!-- Generated by org.testng.reporters.JUnitReportReporter -->
<testsuite hostname="Abhay" failures="0" tests="1" name="com.PlanIT.WitsLab.tests.BacklogTestScript" time="122.783" errors="0" timestamp="12 Dec 2023 07:21:20 GMT" skipped="0">
  <testcase classname="com.PlanIT.WitsLab.tests.BacklogTestScript" name="verifyCloneIssueFunctionality" time="122.783"/>
</testsuite> <!-- com.PlanIT.WitsLab.tests.BacklogTestScript -->
