<?xml version="1.0" encoding="UTF-8"?>
<!-- Generated by org.testng.reporters.JUnitReportReporter -->
<testsuite hostname="WILASSETA0041.local" failures="0" tests="3" name="com.PlanIT.WitsLab.tests.ProjectAndBoardDashBoardTestScript" time="307.631" errors="0" timestamp="10 Jun 2023 10:02:47 GMT" skipped="0">
  <testcase classname="com.PlanIT.WitsLab.tests.ProjectAndBoardDashBoardTestScript" name="verifyCreateTeamBoard" time="76.889"/>
  <testcase classname="com.PlanIT.WitsLab.tests.ProjectAndBoardDashBoardTestScript" name="verifyAddMemberFromProjectSetting" time="164.029"/>
  <testcase classname="com.PlanIT.WitsLab.tests.ProjectAndBoardDashBoardTestScript" name="verifyCreateNewProject" time="66.713"/>
</testsuite> <!-- com.PlanIT.WitsLab.tests.ProjectAndBoardDashBoardTestScript -->
